<?xml version="1.0" encoding="UTF-8"?>
<testng-results skipped="0" failed="0" ignored="0" total="1" passed="1">
  <reporter-output>
  </reporter-output>
  <suite name="Suite" duration-ms="170507" started-at="2020-04-08T11:22:08 IST" finished-at="2020-04-08T11:24:59 IST">
    <groups>
    </groups>
    <test name="Test" duration-ms="170507" started-at="2020-04-08T11:22:08 IST" finished-at="2020-04-08T11:24:59 IST">
      <class name="com.atmecs.konakart.tests.HomePage">
        <test-method status="PASS" signature="invokeBrowser()[pri:0, instance:com.atmecs.konakart.tests.HomePage@4bbfb90a]" name="invokeBrowser" is-config="true" duration-ms="104214" started-at="2020-04-08T11:22:08 IST" finished-at="2020-04-08T11:23:52 IST">
          <reporter-output>
          </reporter-output>
        </test-method> <!-- invokeBrowser -->
        <test-method status="PASS" signature="searchProduct()[pri:0, instance:com.atmecs.konakart.tests.HomePage@4bbfb90a]" name="searchProduct" duration-ms="65794" started-at="2020-04-08T11:23:52 IST" finished-at="2020-04-08T11:24:58 IST">
          <reporter-output>
          </reporter-output>
        </test-method> <!-- searchProduct -->
      </class> <!-- com.atmecs.konakart.tests.HomePage -->
    </test> <!-- Test -->
  </suite> <!-- Suite -->
</testng-results>
