<?xml version="1.0" encoding="UTF-8"?>
<!-- Generated by org.testng.reporters.JUnitXMLReporter -->
<testsuite hostname="DESKTOP-AV8S3P8" ignored="0" name="Test" tests="1" failures="0" timestamp="2020-05-26T18:56:02 IST" time="0.167" errors="0">
  <testcase name="@BeforeTest invokeBrowser" time="0.039" classname="com.atmecs.konakart.testsuite.BaseClass">
    <failure type="java.lang.NullPointerException">
      <![CDATA[java.lang.NullPointerException
at com.atmecs.konakart.testsuite.BaseClass.invokeBrowser(BaseClass.java:25)
... Removed 24 stack frames]]>
    </failure>
  </testcase> <!-- @BeforeTest invokeBrowser -->
  <testcase name="searchProduct" time="0.0" classname="com.atmecs.konakart.tests.HomePage">
    <skipped/>
  </testcase> <!-- searchProduct -->
</testsuite> <!-- Test -->
